🎰 开始部署 Slot Machine React 到 Vercel...

📦 步骤 1: 清理旧的构建文件...
✅ 清理完成

📦 步骤 2: 检查依赖...
✅ 依赖已存在

🔨 步骤 3: 构建生产版本...

> slot-machine-react@0.1.0 build
> react-scripts build

Creating an optimized production build...
Compiled with warnings.

[eslint] 
src/SlotMachinePro.js
  Line 44:10:  'scarcityTrigger' is assigned a value but never used  no-unused-vars
  Line 48:19:  'setUseBMAC' is assigned a value but never used       no-unused-vars
  Line 434:9:  'handleBetChange' is assigned a value but never used  no-unused-vars
  Line 441:9:  'handleAutoSpin' is assigned a value but never used   no-unused-vars

Search for the keywords to learn more about each warning.
To ignore, add // eslint-disable-next-line to the line before.

File sizes after gzip:

  124.49 kB  build/static/js/main.59797542.js
  6.41 kB    build/static/css/main.7e08e9d4.css
  1.77 kB    build/static/js/453.ce699d1e.chunk.js

The project was built assuming it is hosted at ./.
You can control this with the homepage field in your package.json.

The build folder is ready to be deployed.

Find out more about deployment here:

  https://cra.link/deployment

✅ 构建成功！

🚀 步骤 4: 部署到 Vercel...

提示：
  - 如果是首次部署，Vercel 会询问项目名称和配置
  - 按提示选择 'Y' 确认部署
  - 项目名称建议使用：slot-machine-react

? Set up and deploy “~/PycharmProjects/001/slot-machine-react”? (Y/n)[71G[2K[G? Set up and deploy “~/PycharmProjects/001/slot-machine-react”? (Y/n) y[72G[2K[G? Set up and deploy “~/PycharmProjects/001/slot-machine-react”? yes[68G
[?25hLoading scopes…
? Which scope should contain your project? (Use arrow keys)
❯ python1203's projects[?25l[24G